<?xml version="1.0" encoding="UTF-8"?>
<!-- Generated by org.testng.reporters.JUnitReportReporter -->
<testsuite hostname="LMA003531" failures="0" tests="1" name="Page.PageAccueil" time="0.104" errors="0" timestamp="11 Aug 2022 16:33:46 GMT">
  <testcase classname="Page.PageAccueil" name="verifierTitre" time="0.104"/>
</testsuite> <!-- Page.PageAccueil -->
